E:\Code\Hello1\Hello1\x64\Debug\cl.command.1.tlog
E:\Code\Hello1\Hello1\x64\Debug\CL.read.1.tlog
E:\Code\Hello1\Hello1\x64\Debug\CL.write.1.tlog
E:\CODE\HELLO1\HELLO1\X64\DEBUG\DLLMAIN.OBJ
E:\Code\Hello1\Hello1\x64\Debug\Hello1.arx.embed.manifest
E:\CODE\HELLO1\HELLO1\X64\DEBUG\HELLO1.ARX.EMBED.MANIFEST.RES
E:\Code\Hello1\Hello1\x64\Debug\Hello1.arx.intermediate.manifest
E:\CODE\HELLO1\HELLO1\X64\DEBUG\HELLO1.OBJ
E:\CODE\HELLO1\HELLO1\X64\DEBUG\HELLO1.PCH
E:\Code\Hello1\Hello1\x64\Debug\Hello1.write.1.tlog
E:\Code\Hello1\Hello1\x64\Debug\Hello1_manifest.rc
E:\Code\Hello1\Hello1\x64\Debug\link.command.1.tlog
E:\Code\Hello1\Hello1\x64\Debug\link.read.1.tlog
E:\Code\Hello1\Hello1\x64\Debug\link.write.1.tlog
E:\Code\Hello1\Hello1\x64\Debug\link-cvtres.read.1.tlog
E:\Code\Hello1\Hello1\x64\Debug\link-cvtres.write.1.tlog
E:\Code\Hello1\Hello1\x64\Debug\rc.command.1.tlog
E:\Code\Hello1\Hello1\x64\Debug\rc.read.1.tlog
E:\Code\Hello1\Hello1\x64\Debug\rc.write.1.tlog
E:\CODE\HELLO1\HELLO1\X64\DEBUG\STDAFX.OBJ
E:\Code\Hello1\Hello1\x64\Debug\vc100.idb
E:\CODE\HELLO1\HELLO1\X64\DEBUG\VC100.PDB
E:\Code\Hello1\x64\Debug\Hello1.pdb
