生成启动时间为 2020/10/12 星期一 13:29:29。
     1>项目“E:\Code\Hello2\Hello2\Hello2.vcxproj”在节点 2 上(build 个目标)。
     1>InitializeBuildStatus:
         正在创建“x64\Hello2.unsuccessfulbuild”，因为已指定“AlwaysCreate”。
       ClCompile:
         所有输出均为最新。
         所有输出均为最新。
       ResourceCompile:
         所有输出均为最新。
       ManifestResourceCompile:
         所有输出均为最新。
     1>C:\Program Files (x86)\MSBuild\Microsoft.Cpp\v4.0\Microsoft.CppBuild.targets(990,5): warning MSB8012: TargetPath(E:\Code\Hello2\x64\Hello2.arx) 与 Linker 的 OutputFile 属性值(E:\Code\Hello2\x64\zd_Hello2.arx)不匹配。这可能导致项目生成不正确。若要更正此问题，请确保 $(OutDir)、$(TargetName) 和 $(TargetExt) 属性值与 %(Link.OutputFile) 中指定的值匹配。
     1>C:\Program Files (x86)\MSBuild\Microsoft.Cpp\v4.0\Microsoft.CppBuild.targets(992,5): warning MSB8012: TargetName(Hello2) 与 Linker 的 OutputFile 属性值(zd_Hello2)不匹配。这可能导致项目生成不正确。若要更正此问题，请确保 $(OutDir)、$(TargetName) 和 $(TargetExt) 属性值与 %(Link.OutputFile) 中指定的值匹配。
       Link:
         所有输出均为最新。
         Hello2.vcxproj -> E:\Code\Hello2\x64\Hello2.arx
       Manifest:
         所有输出均为最新。
       FinalizeBuildStatus:
         正在删除文件“x64\Hello2.unsuccessfulbuild”。
         正在对“x64\Hello2.lastbuildstate”执行 Touch 任务。
     1>已完成生成项目“E:\Code\Hello2\Hello2\Hello2.vcxproj”(build 个目标)的操作。

生成成功。

已用时间 00:00:00.05
