E:\CODE\HELLO1\DEBUG\HELLO1.ARX
E:\Code\Hello1\Debug\Hello1.exp
E:\CODE\HELLO1\DEBUG\HELLO1.ILK
E:\Code\Hello1\Debug\Hello1.lib
E:\CODE\HELLO1\DEBUG\HELLO1.PDB
E:\Code\Hello1\Hello1\Debug\cl.command.1.tlog
E:\Code\Hello1\Hello1\Debug\CL.read.1.tlog
E:\Code\Hello1\Hello1\Debug\CL.write.1.tlog
E:\CODE\HELLO1\HELLO1\DEBUG\DLLMAIN.OBJ
E:\CODE\HELLO1\HELLO1\DEBUG\HELLO1.ARX.EMBED.MANIFEST
E:\CODE\HELLO1\HELLO1\DEBUG\HELLO1.ARX.EMBED.MANIFEST.RES
E:\CODE\HELLO1\HELLO1\DEBUG\HELLO1.ARX.INTERMEDIATE.MANIFEST
E:\CODE\HELLO1\HELLO1\DEBUG\HELLO1.OBJ
E:\CODE\HELLO1\HELLO1\DEBUG\HELLO1.PCH
E:\Code\Hello1\Hello1\Debug\Hello1.vcxprojResolveAssemblyReference.cache
E:\Code\Hello1\Hello1\Debug\Hello1.write.1.tlog
E:\Code\Hello1\Hello1\Debug\Hello1_manifest.rc
E:\Code\Hello1\Hello1\Debug\link.5364.read.1.tlog
E:\Code\Hello1\Hello1\Debug\link.5364.write.1.tlog
E:\Code\Hello1\Hello1\Debug\link.5364-cvtres.read.1.tlog
E:\Code\Hello1\Hello1\Debug\link.5364-cvtres.write.1.tlog
E:\Code\Hello1\Hello1\Debug\link.6928.read.1.tlog
E:\Code\Hello1\Hello1\Debug\link.6928.write.1.tlog
E:\Code\Hello1\Hello1\Debug\link.6928-cvtres.read.1.tlog
E:\Code\Hello1\Hello1\Debug\link.6928-cvtres.write.1.tlog
E:\Code\Hello1\Hello1\Debug\link.command.1.tlog
E:\Code\Hello1\Hello1\Debug\link.read.1.tlog
E:\Code\Hello1\Hello1\Debug\link.write.1.tlog
E:\Code\Hello1\Hello1\Debug\link-cvtres.read.1.tlog
E:\Code\Hello1\Hello1\Debug\link-cvtres.write.1.tlog
E:\Code\Hello1\Hello1\Debug\mt.command.1.tlog
E:\Code\Hello1\Hello1\Debug\mt.read.1.tlog
E:\Code\Hello1\Hello1\Debug\mt.write.1.tlog
E:\Code\Hello1\Hello1\Debug\rc.command.1.tlog
E:\Code\Hello1\Hello1\Debug\rc.read.1.tlog
E:\Code\Hello1\Hello1\Debug\rc.write.1.tlog
E:\CODE\HELLO1\HELLO1\DEBUG\STDAFX.OBJ
E:\Code\Hello1\Hello1\Debug\vc100.idb
E:\CODE\HELLO1\HELLO1\DEBUG\VC100.PDB
